{"contracts/BasicDutchAuction.sol":{"l":{"24":45,"25":45,"26":45,"27":45,"30":45,"31":45,"32":45,"37":13,"38":12,"41":9,"44":9,"45":6,"50":12,"51":12,"52":12,"55":12,"56":0,"59":12,"66":6,"67":6,"70":6,"71":160,"72":160,"73":0,"74":0,"75":0,"76":0,"82":6,"83":6,"84":6,"85":6},"path":"/Users/himanshusankhe/blockchain_NE/Blockchain_Solidity/contracts/BasicDutchAuction.sol","s":{"1":13,"2":12,"3":9,"4":6,"5":12,"6":12,"7":12,"8":12,"9":0,"10":12,"11":6,"12":160,"13":160,"14":0,"15":0,"16":0,"17":6,"18":6,"19":6},"b":{"1":[12,1],"2":[9,3],"3":[6,3],"4":[0,12],"5":[0,160],"6":[0,0],"7":[6,0]},"f":{"1":45,"2":13,"3":12,"4":6},"fnMap":{"1":{"name":"constructor","line":19,"loc":{"start":{"line":19,"column":4},"end":{"line":33,"column":4}}},"2":{"name":"bid","line":36,"loc":{"start":{"line":36,"column":4},"end":{"line":47,"column":6}}},"3":{"name":"getCurrentPrice","line":49,"loc":{"start":{"line":49,"column":12},"end":{"line":60,"column":4}}},"4":{"name":"endAuction","line":65,"loc":{"start":{"line":65,"column":8},"end":{"line":87,"column":8}}}},"statementMap":{"1":{"start":{"line":37,"column":8},"end":{"line":37,"column":58}},"2":{"start":{"line":38,"column":8},"end":{"line":38,"column":71}},"3":{"start":{"line":44,"column":8},"end":{"line":44,"column":1699}},"4":{"start":{"line":45,"column":12},"end":{"line":45,"column":23}},"5":{"start":{"line":50,"column":16},"end":{"line":50,"column":51}},"6":{"start":{"line":51,"column":16},"end":{"line":51,"column":71}},"7":{"start":{"line":52,"column":16},"end":{"line":52,"column":91}},"8":{"start":{"line":55,"column":16},"end":{"line":55,"column":2224}},"9":{"start":{"line":56,"column":20},"end":{"line":56,"column":39}},"10":{"start":{"line":59,"column":16},"end":{"line":59,"column":35}},"11":{"start":{"line":70,"column":12},"end":{"line":70,"column":2553}},"12":{"start":{"line":71,"column":16},"end":{"line":71,"column":42}},"13":{"start":{"line":72,"column":16},"end":{"line":72,"column":2664}},"14":{"start":{"line":73,"column":20},"end":{"line":73,"column":49}},"15":{"start":{"line":74,"column":20},"end":{"line":74,"column":2770}},"16":{"start":{"line":76,"column":24},"end":{"line":76,"column":55}},"17":{"start":{"line":82,"column":12},"end":{"line":82,"column":58}},"18":{"start":{"line":83,"column":12},"end":{"line":83,"column":3052}},"19":{"start":{"line":85,"column":16},"end":{"line":85,"column":48}}},"branchMap":{"1":{"line":37,"type":"if","locations":[{"start":{"line":37,"column":8},"end":{"line":37,"column":8}},{"start":{"line":37,"column":8},"end":{"line":37,"column":8}}]},"2":{"line":38,"type":"if","locations":[{"start":{"line":38,"column":8},"end":{"line":38,"column":8}},{"start":{"line":38,"column":8},"end":{"line":38,"column":8}}]},"3":{"line":44,"type":"if","locations":[{"start":{"line":44,"column":8},"end":{"line":44,"column":8}},{"start":{"line":44,"column":8},"end":{"line":44,"column":8}}]},"4":{"line":55,"type":"if","locations":[{"start":{"line":55,"column":16},"end":{"line":55,"column":16}},{"start":{"line":55,"column":16},"end":{"line":55,"column":16}}]},"5":{"line":72,"type":"if","locations":[{"start":{"line":72,"column":16},"end":{"line":72,"column":16}},{"start":{"line":72,"column":16},"end":{"line":72,"column":16}}]},"6":{"line":74,"type":"if","locations":[{"start":{"line":74,"column":20},"end":{"line":74,"column":20}},{"start":{"line":74,"column":20},"end":{"line":74,"column":20}}]},"7":{"line":83,"type":"if","locations":[{"start":{"line":83,"column":12},"end":{"line":83,"column":12}},{"start":{"line":83,"column":12},"end":{"line":83,"column":12}}]}}}}