{
"contracts/ERC721Mock.sol":{"l":{"10":0},"path":"/Users/himanshusankhe/blockchain_NE/Blockchain_Solidity/contracts/ERC721Mock.sol","s":{"1":0},"b":{},"f":{"1":48,"2":0},"fnMap":{"1":{"name":"constructor","line":7,"loc":{"start":{"line":7,"column":4},"end":{"line":7,"column":80}}},"2":{"name":"mint","line":9,"loc":{"start":{"line":9,"column":4},"end":{"line":11,"column":4}}}},"statementMap":{"1":{"start":{"line":10,"column":8},"end":{"line":10,"column":25}}},"branchMap":{}},
"contracts/NFTDutchAuction.sol":{"l":{"32":48,"33":48,"34":48,"35":48,"36":48,"37":48,"38":48,"39":48,"40":48,"46":14,"47":14,"53":14,"54":13,"56":10,"58":10,"59":8,"64":15,"65":15,"66":15,"68":15,"69":0,"72":15,"76":8,"78":8,"79":8,"81":8,"82":308,"83":308,"84":0,"85":0,"86":0,"87":0,"88":0,"93":8,"94":8,"95":8,"96":8,"97":8,"102":8,"103":8,"115":1},"path":"/Users/himanshusankhe/blockchain_NE/Blockchain_Solidity/contracts/NFTDutchAuction.sol","s":{"1":14,"2":14,"3":13,"4":10,"5":8,"6":15,"7":15,"8":15,"9":15,"10":0,"11":15,"12":8,"13":8,"14":308,"15":308,"16":0,"17":0,"18":0,"19":0,"20":8,"21":8,"22":8,"23":8,"24":8,"25":8,"26":1},"b":{"1":[14,0],"2":[14,0],"3":[13,1],"4":[10,3],"5":[8,2],"6":[0,15],"7":[8,0],"8":[0,308],"9":[0,0],"10":[0,0],"11":[8,0],"12":[8,0]},"f":{"1":48,"2":14,"3":14,"4":15,"5":8,"6":8,"7":1},"fnMap":{"1":{"name":"constructor","line":25,"loc":{"start":{"line":25,"column":4},"end":{"line":41,"column":4}}},"2":{"name":"auctionOpen","line":45,"loc":{"start":{"line":45,"column":4},"end":{"line":50,"column":4}}},"3":{"name":"bid","line":52,"loc":{"start":{"line":52,"column":4},"end":{"line":61,"column":4}}},"4":{"name":"getCurrentPrice","line":63,"loc":{"start":{"line":63,"column":4},"end":{"line":73,"column":4}}},"5":{"name":"endAuction","line":75,"loc":{"start":{"line":75,"column":4},"end":{"line":99,"column":4}}},"6":{"name":"transferFunds","line":101,"loc":{"start":{"line":101,"column":4},"end":{"line":104,"column":4}}},"7":{"name":"onERC721Received","line":109,"loc":{"start":{"line":109,"column":4},"end":{"line":116,"column":8}}}},"statementMap":{"1":{"start":{"line":46,"column":8},"end":{"line":46,"column":69}},"2":{"start":{"line":53,"column":8},"end":{"line":53,"column":58}},"3":{"start":{"line":54,"column":8},"end":{"line":54,"column":71}},"4":{"start":{"line":58,"column":8},"end":{"line":58,"column":1736}},"5":{"start":{"line":59,"column":12},"end":{"line":59,"column":23}},"6":{"start":{"line":64,"column":8},"end":{"line":64,"column":43}},"7":{"start":{"line":65,"column":8},"end":{"line":65,"column":66}},"8":{"start":{"line":66,"column":8},"end":{"line":66,"column":89}},"9":{"start":{"line":68,"column":8},"end":{"line":68,"column":2088}},"10":{"start":{"line":69,"column":12},"end":{"line":69,"column":31}},"11":{"start":{"line":72,"column":8},"end":{"line":72,"column":27}},"12":{"start":{"line":76,"column":8},"end":{"line":76,"column":58}},"13":{"start":{"line":81,"column":8},"end":{"line":81,"column":2375}},"14":{"start":{"line":82,"column":12},"end":{"line":82,"column":56}},"15":{"start":{"line":83,"column":12},"end":{"line":83,"column":2496}},"16":{"start":{"line":84,"column":16},"end":{"line":84,"column":45}},"17":{"start":{"line":85,"column":16},"end":{"line":85,"column":2594}},"18":{"start":{"line":87,"column":20},"end":{"line":87,"column":75}},"19":{"start":{"line":88,"column":20},"end":{"line":88,"column":88}},"20":{"start":{"line":93,"column":8},"end":{"line":93,"column":54}},"21":{"start":{"line":94,"column":8},"end":{"line":94,"column":2917}},"22":{"start":{"line":96,"column":12},"end":{"line":96,"column":77}},"23":{"start":{"line":97,"column":12},"end":{"line":97,"column":80}},"24":{"start":{"line":102,"column":8},"end":{"line":102,"column":69}},"25":{"start":{"line":103,"column":8},"end":{"line":103,"column":22}},"26":{"start":{"line":115,"column":12},"end":{"line":115,"column":60}}},"branchMap":{"1":{"line":46,"type":"if","locations":[{"start":{"line":46,"column":8},"end":{"line":46,"column":8}},{"start":{"line":46,"column":8},"end":{"line":46,"column":8}}]},"2":{"line":52,"type":"if","locations":[{"start":{"line":52,"column":36},"end":{"line":52,"column":36}},{"start":{"line":52,"column":36},"end":{"line":52,"column":36}}]},"3":{"line":53,"type":"if","locations":[{"start":{"line":53,"column":8},"end":{"line":53,"column":8}},{"start":{"line":53,"column":8},"end":{"line":53,"column":8}}]},"4":{"line":54,"type":"if","locations":[{"start":{"line":54,"column":8},"end":{"line":54,"column":8}},{"start":{"line":54,"column":8},"end":{"line":54,"column":8}}]},"5":{"line":58,"type":"if","locations":[{"start":{"line":58,"column":8},"end":{"line":58,"column":8}},{"start":{"line":58,"column":8},"end":{"line":58,"column":8}}]},"6":{"line":68,"type":"if","locations":[{"start":{"line":68,"column":8},"end":{"line":68,"column":8}},{"start":{"line":68,"column":8},"end":{"line":68,"column":8}}]},"7":{"line":76,"type":"if","locations":[{"start":{"line":76,"column":8},"end":{"line":76,"column":8}},{"start":{"line":76,"column":8},"end":{"line":76,"column":8}}]},"8":{"line":83,"type":"if","locations":[{"start":{"line":83,"column":12},"end":{"line":83,"column":12}},{"start":{"line":83,"column":12},"end":{"line":83,"column":12}}]},"9":{"line":85,"type":"if","locations":[{"start":{"line":85,"column":16},"end":{"line":85,"column":16}},{"start":{"line":85,"column":16},"end":{"line":85,"column":16}}]},"10":{"line":88,"type":"if","locations":[{"start":{"line":88,"column":20},"end":{"line":88,"column":20}},{"start":{"line":88,"column":20},"end":{"line":88,"column":20}}]},"11":{"line":94,"type":"if","locations":[{"start":{"line":94,"column":8},"end":{"line":94,"column":8}},{"start":{"line":94,"column":8},"end":{"line":94,"column":8}}]},"12":{"line":97,"type":"if","locations":[{"start":{"line":97,"column":12},"end":{"line":97,"column":12}},{"start":{"line":97,"column":12},"end":{"line":97,"column":12}}]}}}}
